<component name="libraryTable">
  <library name="JUnit_Tests-1.0-SNAPSHOT">
    <CLASSES>
      <root url="jar://$PROJECT_DIR$/lib/JUnit_Tests-1.0-SNAPSHOT.jar!/" />
    </CLASSES>
    <JAVADOC />
    <SOURCES />
  </library>
</component>